[
    {
        "course_title": "Data Based Decision Making and Cost-Benefit Analysis (CBA)",
        "udemy_link": "https://www.udemy.com/course/data-based-decision-making-and-cost-benefit-analysis-cba/?couponCode=CA82E2A4509A39196D95",
        "status": "Accepted",
        "timestamp": "2025-08-31T00:54:23.349285"
    },
    {
        "course_title": "Expert Certificate: Marketing Data Analysis & Data Analytics",
        "udemy_link": "https://www.udemy.com/course/expert-certificate-marketing-data-analysis-data-analytics/?couponCode=975DEF0E1008C1505236",
        "status": "Accepted",
        "timestamp": "2025-08-31T00:54:23.361733"
    },
    {
        "course_title": "Advanced Certificate in Financial Analysis and Management",
        "udemy_link": "https://www.udemy.com/course/advanced-certificate-in-financial-analysis-and-management/?couponCode=C6FDAB7A3E99C7D788DE",
        "status": "Accepted",
        "timestamp": "2025-08-31T00:54:23.372518"
    },
    {
        "course_title": "Professional Certificate in Financial Analysis and Modeling",
        "udemy_link": "https://www.udemy.com/course/professional-certificate-in-financial-analysis-and-modeling/?couponCode=9F81E768AAC9C00A59B0",
        "status": "Accepted",
        "timestamp": "2025-08-31T00:54:23.381833"
    },
    {
        "course_title": "Professional Certificate in Project and Process Management",
        "udemy_link": "https://www.udemy.com/course/professional-certificate-in-project-and-process-management/?couponCode=5E75F2DF1356B0FD5913",
        "status": "Accepted",
        "timestamp": "2025-08-31T00:54:23.390692"
    },
    {
        "course_title": "Build a Tic Tac Toe Game Using JavaScript, HTML & CSS",
        "udemy_link": "https://www.udemy.com/course/build-a-tic-tac-toe-game-using-javascript-html-css/?couponCode=48ED428E7B04B105A445",
        "status": "Accepted",
        "timestamp": "2025-08-31T00:54:23.400863"
    },
    {
        "course_title": "Blueprint For Successful  Microservices & API Implementation",
        "udemy_link": "https://www.udemy.com/course/blueprint-for-successful-microservices-api-implementation/?couponCode=AUGUST2025FREE",
        "status": "Accepted",
        "timestamp": "2025-08-31T00:54:23.409746"
    },
    {
        "course_title": "Advanced Certificate in Business & Marketing Strategy",
        "udemy_link": "https://www.udemy.com/course/advanced-certificate-in-business-marketing-strategy/?couponCode=D6316BBC2B33907CF914",
        "status": "Accepted",
        "timestamp": "2025-08-31T00:54:23.418963"
    },
    {
        "course_title": "Professional Diploma in Procurement",
        "udemy_link": "https://www.udemy.com/course/procurementdiploma/?couponCode=9792FE9AB74A87668357",
        "status": "Accepted",
        "timestamp": "2025-08-31T00:54:23.428504"
    },
    {
        "course_title": "AI-Powered Product Marketing and Market Research",
        "udemy_link": "https://www.udemy.com/course/ai-powered-product-marketing-and-market-research/?couponCode=37DF852B20BE5B6E28F9",
        "status": "Accepted",
        "timestamp": "2025-08-31T00:54:23.437147"
    },
    {
        "course_title": "Time Management Accelerator: Turbocharge Your Productivity",
        "udemy_link": "https://www.udemy.com/course/introduction-to-time-management-p/?couponCode=65F646EE6E147B9ED2F3",
        "status": "Accepted",
        "timestamp": "2025-08-31T00:54:23.446260"
    },
    {
        "course_title": "Microsoft Office Specialist: Microsoft Excel Advanced Expert",
        "udemy_link": "https://www.udemy.com/course/microsoft-office-specialist-microsoft-excel-advanced-expert/?couponCode=16826C6A9C096562D374",
        "status": "Accepted",
        "timestamp": "2025-08-31T00:54:23.454744"
    },
    {
        "course_title": "Graphic Design AI: Graphic Design With AI Complete Course",
        "udemy_link": "https://www.udemy.com/course/graphic-design-ai-graphic-design-with-ai-complete-course/?couponCode=8A5B8C708855E684D497",
        "status": "Duplicate LInk",
        "timestamp": "2025-08-31T00:54:23.461766"
    },
    {
        "course_title": "Power BI Fundamentals A to Z | Power BI Dual Certification",
        "udemy_link": "https://www.udemy.com/course/power-bi-microsoft-power-bi-certification/?couponCode=46372A927814598626A1",
        "status": "Duplicate LInk",
        "timestamp": "2025-08-31T00:54:23.467747"
    },
    {
        "course_title": "HVAC Troubleshooting Course for Maintenance/Home Repair/BMS",
        "udemy_link": "https://www.udemy.com/course/hvac-course-for-maintenance-home-repair-bms/?couponCode=B7BD59541CD02937DD2D",
        "status": "Duplicate LInk",
        "timestamp": "2025-08-31T00:54:23.474276"
    }
]