[
    {
        "course_title": "Graphic Design AI: Graphic Design With AI Complete Course",
        "udemy_link": "https://www.udemy.com/course/graphic-design-ai-graphic-design-with-ai-complete-course/?couponCode=8A5B8C708855E684D497",
        "status": "Accepted",
        "timestamp": "2025-08-30T16:48:57.328437"
    },
    {
        "course_title": "Power BI Fundamentals A to Z | Power BI Dual Certification",
        "udemy_link": "https://www.udemy.com/course/power-bi-microsoft-power-bi-certification/?couponCode=46372A927814598626A1",
        "status": "Accepted",
        "timestamp": "2025-08-30T16:48:57.364852"
    },
    {
        "course_title": "HVAC Troubleshooting Course for Maintenance/Home Repair/BMS",
        "udemy_link": "https://www.udemy.com/course/hvac-course-for-maintenance-home-repair-bms/?couponCode=B7BD59541CD02937DD2D",
        "status": "Accepted",
        "timestamp": "2025-08-30T16:48:57.380390"
    },
    {
        "course_title": "Data Center Infrastructure & Design: Fire Fighting Design",
        "udemy_link": "https://www.udemy.com/course/data-center-infrastructure-design-fire-fighting-basics/?couponCode=1893AC5702802D19B26D",
        "status": "Accepted",
        "timestamp": "2025-08-30T16:48:57.400599"
    },
    {
        "course_title": "Professional Certificate in Risk Management",
        "udemy_link": "https://www.udemy.com/course/professional-certificate-in-risk-management/?couponCode=CC78A11DF87CF36D6CBD",
        "status": "Accepted",
        "timestamp": "2025-08-30T16:48:57.414650"
    },
    {
        "course_title": "Adobe Photoshop CC Crash Course Learn Photoshop In Two Hour",
        "udemy_link": "https://www.udemy.com/course/essential-adobe-photoshop-free-photoshop-crash-course/?couponCode=41035B27365EE40C62DC",
        "status": "Accepted",
        "timestamp": "2025-08-30T16:48:57.430755"
    },
    {
        "course_title": "Adobe Photoshop CC Fundamentals and Essentials Training",
        "udemy_link": "https://www.udemy.com/course/adobe-photoshop-cc-principal-essential-course-for-beginners/?couponCode=303C336988AB0D0789C2",
        "status": "Accepted",
        "timestamp": "2025-08-30T16:48:57.445825"
    },
    {
        "course_title": "Professional Certificate in DevOps",
        "udemy_link": "https://www.udemy.com/course/professional-certificate-in-devops/?couponCode=61C1DC284B8506222BFE",
        "status": "Accepted",
        "timestamp": "2025-08-30T16:48:57.464689"
    },
    {
        "course_title": "HVAC Engineering MASTER CLASS: HVAC AIR DISTRIBUTION DESIGN",
        "udemy_link": "https://www.udemy.com/course/hvac-air-distribution-design/?couponCode=8034FA5076A6B38B0A70",
        "status": "Accepted",
        "timestamp": "2025-08-30T16:48:57.473379"
    },
    {
        "course_title": "IT Deployments - Business & Technical Support Planning",
        "udemy_link": "https://www.udemy.com/course/multi-site-it-deployments-business-technical-planning/?couponCode=1575F633F02267BE5591",
        "status": "Accepted",
        "timestamp": "2025-08-30T16:48:57.487717"
    },
    {
        "course_title": "Lean & Quality Management, Six Sigma, Continuous Improvement",
        "udemy_link": "https://www.udemy.com/course/lean-quality-management-six-sigma-continuous-improvement/?couponCode=4F90B7D29FEDBAABCDA2",
        "status": "Accepted",
        "timestamp": "2025-08-30T16:48:57.498598"
    },
    {
        "course_title": "Essential Microsoft Excel VBA: Learn VBA for become Expert",
        "udemy_link": "https://www.udemy.com/course/essential-microsoft-excel-vba-learn-vba-for-become-expert/?couponCode=F34C64FC4D8E724BFF8E",
        "status": "Accepted",
        "timestamp": "2025-08-30T16:48:57.508821"
    },
    {
        "course_title": "Mastering Microsoft Excel A Comprehensive Guide to Boost You",
        "udemy_link": "https://www.udemy.com/course/mastering-microsoft-excel-a-comprehensive-guide-to-boost-you/?couponCode=17E6775B27843BA98B78",
        "status": "Accepted",
        "timestamp": "2025-08-30T16:48:57.520161"
    },
    {
        "course_title": "T-Shirt Design in Adobe Illustrator Beginner Guide to Expert",
        "udemy_link": "https://www.udemy.com/course/t-shirt-design-in-adobe-illustrator-beginner-guide-to-expert/?couponCode=0291D564E3AAAFF35C8E",
        "status": "Accepted",
        "timestamp": "2025-08-30T16:48:57.531621"
    },
    {
        "course_title": "Beginner Guide to Learn T-Shirt Design With Photoshop",
        "udemy_link": "https://www.udemy.com/course/beginner-guide-to-learn-t-shirt-design-with-photoshop/?couponCode=0F9564311664E5835149",
        "status": "Accepted",
        "timestamp": "2025-08-30T16:48:57.540639"
    }
]