[
    {
        "course_title": "Graphic Design AI: Graphic Design With AI Complete Course",
        "udemy_link": "https://www.udemy.com/course/graphic-design-ai-graphic-design-with-ai-complete-course/?couponCode=8A5B8C708855E684D497",
        "status": "Duplicate LInk",
        "timestamp": "2025-08-30T23:56:25.683154"
    },
    {
        "course_title": "Power BI Fundamentals A to Z | Power BI Dual Certification",
        "udemy_link": "https://www.udemy.com/course/power-bi-microsoft-power-bi-certification/?couponCode=46372A927814598626A1",
        "status": "Duplicate LInk",
        "timestamp": "2025-08-30T23:56:25.703692"
    },
    {
        "course_title": "HVAC Troubleshooting Course for Maintenance/Home Repair/BMS",
        "udemy_link": "https://www.udemy.com/course/hvac-course-for-maintenance-home-repair-bms/?couponCode=B7BD59541CD02937DD2D",
        "status": "Duplicate LInk",
        "timestamp": "2025-08-30T23:56:25.711906"
    },
    {
        "course_title": "Data Center Infrastructure & Design: Fire Fighting Design",
        "udemy_link": "https://www.udemy.com/course/data-center-infrastructure-design-fire-fighting-basics/?couponCode=1893AC5702802D19B26D",
        "status": "Duplicate LInk",
        "timestamp": "2025-08-30T23:56:25.719033"
    },
    {
        "course_title": "Professional Certificate in Risk Management",
        "udemy_link": "https://www.udemy.com/course/professional-certificate-in-risk-management/?couponCode=CC78A11DF87CF36D6CBD",
        "status": "Duplicate LInk",
        "timestamp": "2025-08-30T23:56:25.728025"
    },
    {
        "course_title": "Adobe Photoshop CC Crash Course Learn Photoshop In Two Hour",
        "udemy_link": "https://www.udemy.com/course/essential-adobe-photoshop-free-photoshop-crash-course/?couponCode=41035B27365EE40C62DC",
        "status": "Duplicate LInk",
        "timestamp": "2025-08-30T23:56:25.734032"
    },
    {
        "course_title": "Adobe Photoshop CC Fundamentals and Essentials Training",
        "udemy_link": "https://www.udemy.com/course/adobe-photoshop-cc-principal-essential-course-for-beginners/?couponCode=303C336988AB0D0789C2",
        "status": "Duplicate LInk",
        "timestamp": "2025-08-30T23:56:25.741025"
    },
    {
        "course_title": "Professional Certificate in DevOps",
        "udemy_link": "https://www.udemy.com/course/professional-certificate-in-devops/?couponCode=61C1DC284B8506222BFE",
        "status": "Duplicate LInk",
        "timestamp": "2025-08-30T23:56:25.749024"
    },
    {
        "course_title": "HVAC Engineering MASTER CLASS: HVAC AIR DISTRIBUTION DESIGN",
        "udemy_link": "https://www.udemy.com/course/hvac-air-distribution-design/?couponCode=8034FA5076A6B38B0A70",
        "status": "Duplicate LInk",
        "timestamp": "2025-08-30T23:56:25.756034"
    },
    {
        "course_title": "IT Deployments - Business & Technical Support Planning",
        "udemy_link": "https://www.udemy.com/course/multi-site-it-deployments-business-technical-planning/?couponCode=1575F633F02267BE5591",
        "status": "Duplicate LInk",
        "timestamp": "2025-08-30T23:56:25.763023"
    },
    {
        "course_title": "Lean & Quality Management, Six Sigma, Continuous Improvement",
        "udemy_link": "https://www.udemy.com/course/lean-quality-management-six-sigma-continuous-improvement/?couponCode=4F90B7D29FEDBAABCDA2",
        "status": "Duplicate LInk",
        "timestamp": "2025-08-30T23:56:25.772021"
    },
    {
        "course_title": "Essential Microsoft Excel VBA: Learn VBA for become Expert",
        "udemy_link": "https://www.udemy.com/course/essential-microsoft-excel-vba-learn-vba-for-become-expert/?couponCode=F34C64FC4D8E724BFF8E",
        "status": "Duplicate LInk",
        "timestamp": "2025-08-30T23:56:25.788025"
    }
]