[
    {
        "course_title": "Financial Stewardship for Decision Makers and Leaders",
        "udemy_link": "https://www.udemy.com/course/financial-stewardship-for-decision-makers-and-leaders/?couponCode=LAST-WEEK-AUG&ra",
        "status": "Accepted",
        "timestamp": "2025-08-31T04:55:33.680313"
    },
    {
        "course_title": "Visualization techniques for Decision Makers and Leaders",
        "udemy_link": "https://www.udemy.com/course/visualization-techniques-for-decision-makers-and-leaders/?couponCode=25TH-AUG-25&ra",
        "status": "Accepted",
        "timestamp": "2025-08-31T04:55:33.680313"
    },
    {
        "course_title": "AI (Artificial Intelligence) for  Operational Excellence",
        "udemy_link": "https://www.udemy.com/course/ai-artificial-intelligence-for-operational-excellence/?couponCode=A52E54CB465D8B04E447",
        "status": "Accepted",
        "timestamp": "2025-08-31T04:55:33.695976"
    },
    {
        "course_title": "Introduction to Risk Management in Financial Services",
        "udemy_link": "https://www.udemy.com/course/introduction-to-risk-management-in-financial-services/?couponCode=25TH-AUG-25",
        "status": "Accepted",
        "timestamp": "2025-08-31T04:55:33.711588"
    },
    {
        "course_title": "Professional Certificate: Finance Data Analysis & Analytics",
        "udemy_link": "https://www.udemy.com/course/professional-certificate-finance-data-analysis-analytics/?couponCode=28D31E4CC5BCE4DC5D71",
        "status": "Accepted",
        "timestamp": "2025-08-31T04:55:33.727240"
    },
    {
        "course_title": "SMART Goals Parenting",
        "udemy_link": "https://www.udemy.com/course/smart-goals-parenting/?couponCode=25TH-AUG-25&ra",
        "status": "Accepted",
        "timestamp": "2025-08-31T04:55:33.727240"
    },
    {
        "course_title": "Financial Services - Basics of Business & Corporate Banking",
        "udemy_link": "https://www.udemy.com/course/financial-services-basics-of-business-corporate-banking/?couponCode=25TH-AUG-25&ra",
        "status": "Accepted",
        "timestamp": "2025-08-31T04:55:33.742836"
    },
    {
        "course_title": "Advanced MS Word Course from Beginner to Expert",
        "udemy_link": "https://www.udemy.com/course/advanced-ms-word-course-from-beginner-to-expert/?couponCode=AA15EB8053EBB6156B10",
        "status": "Accepted",
        "timestamp": "2025-08-31T04:55:33.758468"
    },
    {
        "course_title": "T-Shirt Design In Adobe Illustrator for Beginner to Advanced",
        "udemy_link": "https://www.udemy.com/course/t-shirt-design-in-adobe-illustrator-for-beginner-to-advanced/?couponCode=334AD8742ADB953C21F3",
        "status": "Accepted",
        "timestamp": "2025-08-31T04:55:33.776780"
    },
    {
        "course_title": "T-Shirt Design for Beginner to Expert With Photoshop",
        "udemy_link": "https://www.udemy.com/course/t-shirt-design-for-beginner-to-expert-with-photoshop/?couponCode=F01578022F42364CA1A6",
        "status": "Accepted",
        "timestamp": "2025-08-31T04:55:33.787373"
    },
    {
        "course_title": "The Ultimate Microsoft Excel: Essential Comprehensive Guide",
        "udemy_link": "https://www.udemy.com/course/the-ultimate-microsoft-excel-essential-comprehensive-guide/?couponCode=6E834E97EDD2989DD789",
        "status": "Accepted",
        "timestamp": "2025-08-31T04:55:33.798359"
    },
    {
        "course_title": "Managing Social Anxiety in the Workplace",
        "udemy_link": "https://www.udemy.com/course/managing-social-anxiety-in-the-workplace/?couponCode=LAST-WEEK-AUG",
        "status": "Accepted",
        "timestamp": "2025-08-31T04:55:33.809359"
    },
    {
        "course_title": "Workplace Productivity - Supporting Others Through Change",
        "udemy_link": "https://www.udemy.com/course/workplace-productivity-supporting-others-through-change/?couponCode=25TH-AUG-25",
        "status": "Accepted",
        "timestamp": "2025-08-31T04:55:33.819354"
    },
    {
        "course_title": "Your WORDS, Powerful Tools",
        "udemy_link": "https://www.udemy.com/course/your-words-powerful-tools/?couponCode=25TH-AUG-25&ra",
        "status": "Accepted",
        "timestamp": "2025-08-31T04:55:33.829355"
    },
    {
        "course_title": "Self Discipline will Change Your life for GOOD",
        "udemy_link": "https://www.udemy.com/course/self-discipline-will-change-your-life-for-good/?couponCode=25TH-AUG-25&ra",
        "status": "Accepted",
        "timestamp": "2025-08-31T04:55:33.839379"
    }
]